D, [2019-04-16T14:20:14.028627 #22525] DEBUG -- :   [1m[35m (0.1ms)[0m  [1m[35mDROP TABLE IF EXISTS "audiences"[0m
D, [2019-04-16T14:20:14.028901 #22525] DEBUG -- :   [1m[35m (0.1ms)[0m  [1m[34mSELECT sqlite_version(*)[0m
D, [2019-04-16T14:20:14.029951 #22525] DEBUG -- :   [1m[35m (0.9ms)[0m  [1m[35mCREATE TABLE "audiences" ("id" integer PRIMARY KEY AUTOINCREMENT NOT NULL, "resource_id" integer, "val" varchar, "created_at" datetime NOT NULL, "updated_at" datetime NOT NULL)[0m
D, [2019-04-16T14:20:14.031400 #22525] DEBUG -- :   [1m[35m (1.0ms)[0m  [1m[35mCREATE  INDEX "index_audiences_on_resource_id" ON "audiences" ("resource_id")[0m
D, [2019-04-16T14:20:14.031832 #22525] DEBUG -- :   [1m[35m (0.1ms)[0m  [1m[35mDROP TABLE IF EXISTS "availabilities"[0m
D, [2019-04-16T14:20:14.033516 #22525] DEBUG -- :   [1m[35m (1.5ms)[0m  [1m[35mCREATE TABLE "availabilities" ("id" integer PRIMARY KEY AUTOINCREMENT NOT NULL, "resource_id" integer, "val" varchar, "created_at" datetime NOT NULL, "updated_at" datetime NOT NULL)[0m
D, [2019-04-16T14:20:14.035612 #22525] DEBUG -- :   [1m[35m (1.5ms)[0m  [1m[35mCREATE  INDEX "index_availabilities_on_resource_id" ON "availabilities" ("resource_id")[0m
D, [2019-04-16T14:20:14.036120 #22525] DEBUG -- :   [1m[35m (0.2ms)[0m  [1m[35mDROP TABLE IF EXISTS "campuses"[0m
D, [2019-04-16T14:20:14.037895 #22525] DEBUG -- :   [1m[35m (1.6ms)[0m  [1m[35mCREATE TABLE "campuses" ("id" integer PRIMARY KEY AUTOINCREMENT NOT NULL, "resource_id" integer, "val" varchar, "created_at" datetime NOT NULL, "updated_at" datetime NOT NULL)[0m
D, [2019-04-16T14:20:14.039489 #22525] DEBUG -- :   [1m[35m (1.1ms)[0m  [1m[35mCREATE  INDEX "index_campuses_on_resource_id" ON "campuses" ("resource_id")[0m
D, [2019-04-16T14:20:14.039841 #22525] DEBUG -- :   [1m[35m (0.1ms)[0m  [1m[35mDROP TABLE IF EXISTS "client_tags"[0m
D, [2019-04-16T14:20:14.040889 #22525] DEBUG -- :   [1m[35m (0.9ms)[0m  [1m[35mCREATE TABLE "client_tags" ("id" integer PRIMARY KEY AUTOINCREMENT NOT NULL, "resource_id" integer, "val" varchar, "created_at" datetime NOT NULL, "updated_at" datetime NOT NULL)[0m
D, [2019-04-16T14:20:14.042019 #22525] DEBUG -- :   [1m[35m (0.8ms)[0m  [1m[35mCREATE  INDEX "index_client_tags_on_resource_id" ON "client_tags" ("resource_id")[0m
D, [2019-04-16T14:20:14.042451 #22525] DEBUG -- :   [1m[35m (0.2ms)[0m  [1m[35mDROP TABLE IF EXISTS "colleges"[0m
D, [2019-04-16T14:20:14.043522 #22525] DEBUG -- :   [1m[35m (1.0ms)[0m  [1m[35mCREATE TABLE "colleges" ("id" integer PRIMARY KEY AUTOINCREMENT NOT NULL, "resource_id" integer, "val" varchar, "created_at" datetime NOT NULL, "updated_at" datetime NOT NULL)[0m
D, [2019-04-16T14:20:14.044542 #22525] DEBUG -- :   [1m[35m (0.7ms)[0m  [1m[35mCREATE  INDEX "index_colleges_on_resource_id" ON "colleges" ("resource_id")[0m
D, [2019-04-16T14:20:14.044810 #22525] DEBUG -- :   [1m[35m (0.1ms)[0m  [1m[35mDROP TABLE IF EXISTS "edits"[0m
D, [2019-04-16T14:20:14.045691 #22525] DEBUG -- :   [1m[35m (0.8ms)[0m  [1m[35mCREATE TABLE "edits" ("id" integer PRIMARY KEY AUTOINCREMENT NOT NULL, "resource_id" integer, "user" varchar, "parameter" varchar, "created_at" datetime NOT NULL, "updated_at" datetime NOT NULL)[0m
D, [2019-04-16T14:20:14.045974 #22525] DEBUG -- :   [1m[35m (0.1ms)[0m  [1m[35mDROP TABLE IF EXISTS "innovation_stages"[0m
D, [2019-04-16T14:20:14.046923 #22525] DEBUG -- :   [1m[35m (0.8ms)[0m  [1m[35mCREATE TABLE "innovation_stages" ("id" integer PRIMARY KEY AUTOINCREMENT NOT NULL, "resource_id" integer, "val" varchar, "created_at" datetime NOT NULL, "updated_at" datetime NOT NULL)[0m
D, [2019-04-16T14:20:14.048008 #22525] DEBUG -- :   [1m[35m (0.8ms)[0m  [1m[35mCREATE  INDEX "index_innovation_stages_on_resource_id" ON "innovation_stages" ("resource_id")[0m
D, [2019-04-16T14:20:14.048462 #22525] DEBUG -- :   [1m[35m (0.1ms)[0m  [1m[35mDROP TABLE IF EXISTS "locations"[0m
D, [2019-04-16T14:20:14.049767 #22525] DEBUG -- :   [1m[35m (1.1ms)[0m  [1m[35mCREATE TABLE "locations" ("id" integer PRIMARY KEY AUTOINCREMENT NOT NULL, "parent_id" integer, "val" varchar, "created_at" datetime NOT NULL, "updated_at" datetime NOT NULL)[0m
D, [2019-04-16T14:20:14.051664 #22525] DEBUG -- :   [1m[35m (1.4ms)[0m  [1m[35mCREATE  INDEX "index_locations_on_parent_id" ON "locations" ("parent_id")[0m
D, [2019-04-16T14:20:14.052035 #22525] DEBUG -- :   [1m[35m (0.1ms)[0m  [1m[35mDROP TABLE IF EXISTS "population_focuses"[0m
D, [2019-04-16T14:20:14.052898 #22525] DEBUG -- :   [1m[35m (0.7ms)[0m  [1m[35mCREATE TABLE "population_focuses" ("id" integer PRIMARY KEY AUTOINCREMENT NOT NULL, "resource_id" integer, "val" varchar, "created_at" datetime NOT NULL, "updated_at" datetime NOT NULL)[0m
D, [2019-04-16T14:20:14.054249 #22525] DEBUG -- :   [1m[35m (1.0ms)[0m  [1m[35mCREATE  INDEX "index_population_focuses_on_resource_id" ON "population_focuses" ("resource_id")[0m
D, [2019-04-16T14:20:14.054634 #22525] DEBUG -- :   [1m[35m (0.1ms)[0m  [1m[35mDROP TABLE IF EXISTS "resources"[0m
D, [2019-04-16T14:20:14.055710 #22525] DEBUG -- :   [1m[35m (0.9ms)[0m  [1m[35mCREATE TABLE "resources" ("id" integer PRIMARY KEY AUTOINCREMENT NOT NULL, "title" varchar, "url" varchar, "contact_email" varchar, "desc" text, "resource_email" varchar, "resource_phone" varchar, "address" varchar, "contact_name" varchar, "contact_phone" varchar, "deadline" datetime, "notes" text, "funding_amount" varchar, "location" varchar, "approval_status" integer, "approved_by" varchar, "flagged" integer, "flagged_comment" text, "created_at" datetime NOT NULL, "updated_at" datetime NOT NULL)[0m
D, [2019-04-16T14:20:14.056378 #22525] DEBUG -- :   [1m[35m (0.3ms)[0m  [1m[35mDROP TABLE IF EXISTS "technologies"[0m
D, [2019-04-16T14:20:14.058115 #22525] DEBUG -- :   [1m[35m (1.4ms)[0m  [1m[35mCREATE TABLE "technologies" ("id" integer PRIMARY KEY AUTOINCREMENT NOT NULL, "resource_id" integer, "val" varchar, "created_at" datetime NOT NULL, "updated_at" datetime NOT NULL)[0m
D, [2019-04-16T14:20:14.060361 #22525] DEBUG -- :   [1m[35m (1.6ms)[0m  [1m[35mCREATE  INDEX "index_technologies_on_resource_id" ON "technologies" ("resource_id")[0m
D, [2019-04-16T14:20:14.060871 #22525] DEBUG -- :   [1m[35m (0.2ms)[0m  [1m[35mDROP TABLE IF EXISTS "topics"[0m
D, [2019-04-16T14:20:14.062240 #22525] DEBUG -- :   [1m[35m (1.2ms)[0m  [1m[35mCREATE TABLE "topics" ("id" integer PRIMARY KEY AUTOINCREMENT NOT NULL, "resource_id" integer, "val" varchar, "created_at" datetime NOT NULL, "updated_at" datetime NOT NULL)[0m
D, [2019-04-16T14:20:14.063663 #22525] DEBUG -- :   [1m[35m (1.0ms)[0m  [1m[35mCREATE  INDEX "index_topics_on_resource_id" ON "topics" ("resource_id")[0m
D, [2019-04-16T14:20:14.064154 #22525] DEBUG -- :   [1m[35m (0.1ms)[0m  [1m[35mDROP TABLE IF EXISTS "types"[0m
D, [2019-04-16T14:20:14.065300 #22525] DEBUG -- :   [1m[35m (1.0ms)[0m  [1m[35mCREATE TABLE "types" ("id" integer PRIMARY KEY AUTOINCREMENT NOT NULL, "resource_id" integer, "val" varchar, "created_at" datetime NOT NULL, "updated_at" datetime NOT NULL)[0m
D, [2019-04-16T14:20:14.066539 #22525] DEBUG -- :   [1m[35m (0.9ms)[0m  [1m[35mCREATE  INDEX "index_types_on_resource_id" ON "types" ("resource_id")[0m
D, [2019-04-16T14:20:14.066883 #22525] DEBUG -- :   [1m[35m (0.1ms)[0m  [1m[35mDROP TABLE IF EXISTS "users"[0m
D, [2019-04-16T14:20:14.068057 #22525] DEBUG -- :   [1m[35m (0.9ms)[0m  [1m[35mCREATE TABLE "users" ("id" integer PRIMARY KEY AUTOINCREMENT NOT NULL, "email" varchar DEFAULT '' NOT NULL, "encrypted_password" varchar DEFAULT '' NOT NULL, "api_token" varchar DEFAULT '' NOT NULL, "reset_password_token" varchar, "reset_password_sent_at" datetime, "remember_created_at" datetime, "created_at" datetime NOT NULL, "updated_at" datetime NOT NULL)[0m
D, [2019-04-16T14:20:14.069158 #22525] DEBUG -- :   [1m[35m (0.7ms)[0m  [1m[35mCREATE UNIQUE INDEX "index_users_on_email" ON "users" ("email")[0m
D, [2019-04-16T14:20:14.070470 #22525] DEBUG -- :   [1m[35m (0.8ms)[0m  [1m[35mCREATE UNIQUE INDEX "index_users_on_reset_password_token" ON "users" ("reset_password_token")[0m
D, [2019-04-16T14:20:14.071801 #22525] DEBUG -- :   [1m[35m (0.9ms)[0m  [1m[35mCREATE TABLE "schema_migrations" ("version" varchar NOT NULL PRIMARY KEY)[0m
D, [2019-04-16T14:20:14.075500 #22525] DEBUG -- :   [1m[35m (0.2ms)[0m  [1m[34mSELECT "schema_migrations"."version" FROM "schema_migrations" ORDER BY "schema_migrations"."version" ASC[0m
D, [2019-04-16T14:20:14.076661 #22525] DEBUG -- :   [1m[35m (0.9ms)[0m  [1m[32mINSERT INTO "schema_migrations" (version) VALUES (20190415181847)[0m
D, [2019-04-16T14:20:14.077474 #22525] DEBUG -- :   [1m[35m (0.7ms)[0m  [1m[32mINSERT INTO "schema_migrations" (version) VALUES
(20190415031151),
(20190321100624);

[0m
D, [2019-04-16T14:20:14.079340 #22525] DEBUG -- :   [1m[35m (1.1ms)[0m  [1m[35mCREATE TABLE "ar_internal_metadata" ("key" varchar NOT NULL PRIMARY KEY, "value" varchar, "created_at" datetime NOT NULL, "updated_at" datetime NOT NULL)[0m
D, [2019-04-16T14:20:14.091151 #22525] DEBUG -- :   [1m[36mActiveRecord::InternalMetadata Load (0.2ms)[0m  [1m[34mSELECT  "ar_internal_metadata".* FROM "ar_internal_metadata" WHERE "ar_internal_metadata"."key" = ? LIMIT ?[0m  [["key", "environment"], ["LIMIT", 1]]
D, [2019-04-16T14:20:14.094648 #22525] DEBUG -- :   [1m[35m (0.1ms)[0m  [1m[36mbegin transaction[0m
D, [2019-04-16T14:20:14.095596 #22525] DEBUG -- :   [1m[36mActiveRecord::InternalMetadata Create (0.3ms)[0m  [1m[32mINSERT INTO "ar_internal_metadata" ("key", "value", "created_at", "updated_at") VALUES (?, ?, ?, ?)[0m  [["key", "environment"], ["value", "production"], ["created_at", "2019-04-16 21:20:14.094931"], ["updated_at", "2019-04-16 21:20:14.094931"]]
D, [2019-04-16T14:20:14.097033 #22525] DEBUG -- :   [1m[35m (1.3ms)[0m  [1m[36mcommit transaction[0m
D, [2019-04-16T14:20:14.097910 #22525] DEBUG -- :   [1m[36mActiveRecord::InternalMetadata Load (0.1ms)[0m  [1m[34mSELECT  "ar_internal_metadata".* FROM "ar_internal_metadata" WHERE "ar_internal_metadata"."key" = ? LIMIT ?[0m  [["key", "environment"], ["LIMIT", 1]]
D, [2019-04-16T14:20:14.098454 #22525] DEBUG -- :   [1m[35m (0.1ms)[0m  [1m[36mbegin transaction[0m
D, [2019-04-16T14:20:14.098916 #22525] DEBUG -- :   [1m[35m (0.0ms)[0m  [1m[36mcommit transaction[0m
